<?xml version="1.0" encoding="utf-8" standalone="no"?><test-results xsi:noNamespaceSchemaLocation="nunit_schema_2.5.xsd" name="PSRule" total="11" errors="0" failures="0" not-run="0" inconclusive="0" ignored="0" skipped="0" invalid="0" date="2023-03-20" time="00:00:00" xmlns:xsi="http://www.w3.org/2001/XMLSchema-instance"><environment user="FerdiStoelti" machine-name="LMDIL005" cwd="C:\work\quickfix2\azure_snippets\schedule_automator\weekly_period" user-domain="AzureAD" platform="Win32NT" nunit-version="2.5.8.0" os-version="10.0.22621.0" clr-version="7.0.2" /><culture-info current-culture="nl-NL" current-uiculture="nl-NL" /><test-suite type="TestFixture" name="C:\work\quickfix2\azure_snippets\schedule_automator\weekly_period\src\main\.tests\bicep\module.main.tests.bicep" executed="True" result="Success" success="True" time="0" asserts="0" description=""><results><test-case description="Avoid outputting sensitive deployment values." name="C:\work\quickfix2\azure_snippets\schedule_automator\weekly_period\src\main\.tests\bicep\module.main.tests.bicep -- Azure.Deployment.OutputSecretValue" time="0,013" asserts="0" success="True" result="Success" executed="True" /><test-case description="Use secure parameters for sensitive resource properties." name="C:\work\quickfix2\azure_snippets\schedule_automator\weekly_period\src\main\.tests\bicep\module.main.tests.bicep -- Azure.Deployment.AdminUsername" time="0,024" asserts="0" success="True" result="Success" executed="True" /><test-case description="Use secure parameters for setting properties of resources that contain sensitive information." name="C:\work\quickfix2\azure_snippets\schedule_automator\weekly_period\src\main\.tests\bicep\module.main.tests.bicep -- Azure.Deployment.SecureValue" time="0,023" asserts="0" success="True" result="Success" executed="True" /><test-case description="Do not use Outer deployments when references SecureString or SecureObject parameters." name="C:\work\quickfix2\azure_snippets\schedule_automator\weekly_period\src\main\.tests\bicep\module.main.tests.bicep -- Azure.Deployment.OuterSecret" time="0,034" asserts="0" success="True" result="Success" executed="True" /><test-case description="Set the parameter value to a value that matches the specified strong type." name="C:\work\quickfix2\azure_snippets\schedule_automator\weekly_period\src\main\.tests\bicep\module.main.tests.bicep -- Azure.Template.ParameterStrongType" time="0,009" asserts="0" success="True" result="Success" executed="True" /><test-case description="Template expressions should not exceed the maximum length." name="C:\work\quickfix2\azure_snippets\schedule_automator\weekly_period\src\main\.tests\bicep\module.main.tests.bicep -- Azure.Template.ExpressionLength" time="0,01" asserts="0" success="True" result="Success" executed="True" /></results></test-suite><test-suite type="TestFixture" name="C:\work\quickfix2\azure_snippets\schedule_automator\weekly_period\src\main\.tests\bicep\module.main.tests.bicep" executed="True" result="Success" success="True" time="0" asserts="0" description=""><results><test-case description="Avoid outputting sensitive deployment values." name="C:\work\quickfix2\azure_snippets\schedule_automator\weekly_period\src\main\.tests\bicep\module.main.tests.bicep -- Azure.Deployment.OutputSecretValue" time="0" asserts="0" success="True" result="Success" executed="True" /><test-case description="Use secure parameters for sensitive resource properties." name="C:\work\quickfix2\azure_snippets\schedule_automator\weekly_period\src\main\.tests\bicep\module.main.tests.bicep -- Azure.Deployment.AdminUsername" time="0,002" asserts="0" success="True" result="Success" executed="True" /><test-case description="Use secure parameters for setting properties of resources that contain sensitive information." name="C:\work\quickfix2\azure_snippets\schedule_automator\weekly_period\src\main\.tests\bicep\module.main.tests.bicep -- Azure.Deployment.SecureValue" time="0" asserts="0" success="True" result="Success" executed="True" /><test-case description="Set the parameter value to a value that matches the specified strong type." name="C:\work\quickfix2\azure_snippets\schedule_automator\weekly_period\src\main\.tests\bicep\module.main.tests.bicep -- Azure.Template.ParameterStrongType" time="0" asserts="0" success="True" result="Success" executed="True" /><test-case description="Template expressions should not exceed the maximum length." name="C:\work\quickfix2\azure_snippets\schedule_automator\weekly_period\src\main\.tests\bicep\module.main.tests.bicep -- Azure.Template.ExpressionLength" time="0" asserts="0" success="True" result="Success" executed="True" /></results></test-suite></test-results>